-------------------------------------------------------------------------------
Test set: Lesson3_Ex10_Test
-------------------------------------------------------------------------------
Tests run: 2, Failures: 1, Errors: 0, Skipped: 0, Time elapsed: 0.066 s <<< FAILURE! - in Lesson3_Ex10_Test
testLesson3_Ex10_Test{String}[2]  Time elapsed: 0.019 s  <<< FAILURE!
org.opentest4j.AssertionFailedError: error, text string3рр shorter than 15 characters ==> expected: <true> but was: <false>
	at Lesson3_Ex10_Test.testLesson3_Ex10_Test(Lesson3_Ex10_Test.java:24)

